This is pdfTeX, Version 3.141592653-2.6-1.40.27 (MiKTeX 25.4) (preloaded format=pdflatex 2025.11.2)  3 APR 2026 19:24
entering extended mode
 restricted \write18 enabled.
 file:line:error style messages enabled.
 %&-line parsing enabled.
**c:/Users/zinab/Desktop/UNITN/Master's/git/rimsha-afzal.github.io/asset/cv/main.tex
(c:/Users/zinab/Desktop/UNITN/Master's/git/rimsha-afzal.github.io/asset/cv/main.tex
LaTeX2e <2025-06-01> patch level 1
L3 programming layer <2025-10-09>
)
! Emergency stop.
<*> ...it/rimsha-afzal.github.io/asset/cv/main.tex
                                                  
*** (job aborted, no legal \end found)

 
Here is how much of TeX's memory you used:
 17 strings out of 468080
 582 string characters out of 5425772
 433722 words of memory out of 5000000
 28786 multiletter control sequences out of 15000+600000
 627721 words of font info for 40 fonts, out of 8000000 for 9000
 1141 hyphenation exceptions out of 8191
 12i,0n,13p,114b,8s stack positions out of 10000i,1000n,20000p,200000b,200000s
!  ==> Fatal error occurred, no output PDF file produced!
